<?xml version="1.0" encoding="UTF-8"?>
<testsuite name="tests.DemoTest" tests="1" skipped="0" failures="0" errors="0" timestamp="2023-02-07T18:58:13" hostname="DESKTOP-T1L377U" time="35.741">
  <properties/>
  <testcase name="qaDemoTest()" classname="tests.DemoTest" time="35.741"/>
  <system-out><![CDATA[]]></system-out>
  <system-err><![CDATA[февр. 07, 2023 9:58:13 PM org.openqa.selenium.remote.tracing.opentelemetry.OpenTelemetryTracer createTracer
INFO: Using OpenTelemetry for tracing
февр. 07, 2023 9:58:22 PM org.openqa.selenium.remote.ProtocolHandshake createSession
INFO: Detected dialect: W3C
]]></system-err>
</testsuite>
