<?xml version="1.0" encoding="UTF-8"?>
<testsuite name="tests.DemoTest" tests="1" skipped="0" failures="0" errors="0" timestamp="2023-02-07T19:21:39" hostname="DESKTOP-T1L377U" time="31.548">
  <properties/>
  <testcase name="qaDemoTest()" classname="tests.DemoTest" time="31.548"/>
  <system-out><![CDATA[]]></system-out>
  <system-err><![CDATA[февр. 07, 2023 10:21:39 PM org.openqa.selenium.remote.tracing.opentelemetry.OpenTelemetryTracer createTracer
INFO: Using OpenTelemetry for tracing
февр. 07, 2023 10:21:48 PM org.openqa.selenium.remote.ProtocolHandshake createSession
INFO: Detected dialect: W3C
]]></system-err>
</testsuite>
