<?xml version="1.0" encoding="UTF-8"?>
<testsuite name="tests.properties.SystemPropertiesTests" tests="1" skipped="0" failures="0" errors="0" timestamp="2023-02-07T18:58:49" hostname="DESKTOP-T1L377U" time="0.004">
  <properties/>
  <testcase name="simplePropertyTest()" classname="tests.properties.SystemPropertiesTests" time="0.004"/>
  <system-out><![CDATA[null
]]></system-out>
  <system-err><![CDATA[]]></system-err>
</testsuite>
